This file contains any messages produced by compilers while
running configure, to aid debugging if configure makes a mistake.

It was created by configure, which was
generated by GNU Autoconf 2.71.  Invocation command line was

  $ /home/wanghan/Workspace/DASICS_ICT/DASICS-DEMO/httpd-apache/httpd-2.4.59/srclib/apr-util/configure --disable-option-checking --host=riscv64-unknown-linux-gnu --prefix=/apache --with-port=9001 --enable-charset-lite --with-included-apr --with-pcre=/home/wanghan/Workspace/DASICS_ICT/DASICS-DEMO/httpd-apache/apache/pcre/bin/pcre-config --with-expat=/home/wanghan/Workspace/DASICS_ICT/DASICS-DEMO/httpd-apache/apache/expat --enable-ssl --enable-heartbeat --enable-static-ab host_alias=riscv64-unknown-linux-gnu CC=riscv64-unknown-linux-gnu-gcc --cache-file=/dev/null --srcdir=/home/wanghan/Workspace/DASICS_ICT/DASICS-DEMO/httpd-apache/httpd-2.4.59/srclib/apr-util --with-apr=../apr --prefix=/apache --exec-prefix=/apache '--libdir=${prefix}/lib' --includedir=/apache/include '--bindir=${prefix}/bin'

## --------- ##
## Platform. ##
## --------- ##

hostname = wanghan-Workstation
uname -m = x86_64
uname -r = 6.5.0-35-generic
uname -s = Linux
uname -v = #35~22.04.1-Ubuntu SMP PREEMPT_DYNAMIC Tue May  7 09:00:52 UTC 2

/usr/bin/uname -p = x86_64
/bin/uname -X     = unknown

/bin/arch              = x86_64
/usr/bin/arch -k       = unknown
/usr/convex/getsysinfo = unknown
/usr/bin/hostinfo      = unknown
/bin/machine           = unknown
/usr/bin/oslevel       = unknown
/bin/universe          = unknown

PATH: /home/wanghan/.local/bin/
PATH: /usr/local/sbin/
PATH: /usr/local/bin/
PATH: /usr/sbin/
PATH: /usr/bin/
PATH: /sbin/
PATH: /bin/
PATH: /usr/games/
PATH: /usr/local/games/
PATH: /snap/bin/
PATH: /snap/bin/
PATH: /home/wanghan/.cargo/bin/
PATH: /home/wanghan/qemu/qemu-8.2.2/build/
PATH: /home/wanghan/riscv/riscv64-unknown-elf/bin/
PATH: /home/wanghan/riscv/riscv64-unknown-linux-gnu/bin/
PATH: /home/wanghan/riscv/riscv64-unknown-elf/bin/
PATH: /home/wanghan/riscv/riscv64-unknown-linux-gnu/bin/
PATH: /home/wanghan/arm/arm_v7/gcc-linaro-13.0.0-2022.11-x86_64_arm-linux-gnueabihf/bin/
PATH: /home/wanghan/arm/arm_v8/gcc-linaro-13.0.0-2022.11-x86_64_aarch64-linux-gnu/bin/
PATH: /home/wanghan/clash/Clash-for-Windows-0.20.22-x64-linux/
PATH: /home/wanghan/intellij-idea/idea-IU-232.9559.62/bin/
PATH: /home/wanghan/Zotero_linux-x86_64/
PATH: /home/wanghan/mill/
PATH: /tools/Xilinx/Vivado/2023.2/bin/
PATH: /home/wanghan/clash/Clash/
PATH: /home/wanghan/.cargo/bin/
PATH: /home/wanghan/qemu/qemu-8.2.2/build/
PATH: /home/wanghan/riscv/riscv64-unknown-elf/bin/
PATH: /home/wanghan/riscv/riscv64-unknown-linux-gnu/bin/
PATH: /home/wanghan/riscv/riscv64-unknown-elf/bin/
PATH: /home/wanghan/riscv/riscv64-unknown-linux-gnu/bin/
PATH: /home/wanghan/arm/arm_v7/gcc-linaro-13.0.0-2022.11-x86_64_arm-linux-gnueabihf/bin/
PATH: /home/wanghan/arm/arm_v8/gcc-linaro-13.0.0-2022.11-x86_64_aarch64-linux-gnu/bin/
PATH: /home/wanghan/clash/Clash-for-Windows-0.20.22-x64-linux/
PATH: /home/wanghan/intellij-idea/idea-IU-232.9559.62/bin/
PATH: /home/wanghan/Zotero_linux-x86_64/
PATH: /home/wanghan/mill/
PATH: /tools/Xilinx/Vivado/2023.2/bin/
PATH: /home/wanghan/clash/Clash/


## ----------- ##
## Core tests. ##
## ----------- ##

configure:2538: looking for aux files: install-sh config.guess config.sub
configure:2551:  trying ./build/
configure:2565:   ./build/install.sh found
configure:2580:   ./build/config.guess found
configure:2580:   ./build/config.sub found
configure:2954: checking build system type
configure:2969: result: x86_64-pc-linux-gnu
configure:2989: checking host system type
configure:3003: result: riscv64-unknown-linux-gnu
configure:3023: checking target system type
configure:3037: result: riscv64-unknown-linux-gnu
configure:3080: checking for a BSD-compatible install
configure:3153: result: /usr/bin/install -c
configure:3188: checking for working mkdir -p
configure:3205: result: yes
configure:3300: checking for chosen layout
configure:3302: result: apr-util
configure:3444: checking for riscv64-unknown-linux-gnu-gcc
configure:3476: result: riscv64-unknown-linux-gnu-gcc
configure:3874: checking for C compiler version
configure:3883: riscv64-unknown-linux-gnu-gcc --version >&5
riscv64-unknown-linux-gnu-gcc (gc891d8dc23e) 13.2.0
Copyright (C) 2023 Free Software Foundation, Inc.
This is free software; see the source for copying conditions.  There is NO
warranty; not even for MERCHANTABILITY or FITNESS FOR A PARTICULAR PURPOSE.

configure:3894: $? = 0
configure:3883: riscv64-unknown-linux-gnu-gcc -v >&5
Using built-in specs.
COLLECT_GCC=riscv64-unknown-linux-gnu-gcc
COLLECT_LTO_WRAPPER=/home/wanghan/riscv/riscv64-unknown-linux-gnu/libexec/gcc/riscv64-unknown-linux-gnu/13.2.0/lto-wrapper
Target: riscv64-unknown-linux-gnu
Configured with: /home/wanghan/riscv/riscv-gnu-toolchain/build/../gcc/configure --target=riscv64-unknown-linux-gnu --prefix=/home/wanghan/riscv/riscv64-unknown-linux-gnu --with-sysroot=/home/wanghan/riscv/riscv64-unknown-linux-gnu/sysroot --with-pkgversion=gc891d8dc23e --with-system-zlib --enable-shared --enable-tls --enable-languages=c,c++,fortran --disable-libmudflap --disable-libssp --disable-libquadmath --disable-libsanitizer --disable-nls --disable-bootstrap --src=../../gcc --disable-multilib --with-abi=lp64d --with-arch=rv64imafdc --with-tune=rocket --with-isa-spec=2.2 'CFLAGS_FOR_TARGET=-O2  -g  -mcmodel=medlow' 'CXXFLAGS_FOR_TARGET=-O2  -g  -mcmodel=medlow'
Thread model: posix
Supported LTO compression algorithms: zlib
gcc version 13.2.0 (gc891d8dc23e) 
configure:3894: $? = 0
configure:3883: riscv64-unknown-linux-gnu-gcc -V >&5
riscv64-unknown-linux-gnu-gcc: error: unrecognized command-line option '-V'
riscv64-unknown-linux-gnu-gcc: fatal error: no input files
compilation terminated.
configure:3894: $? = 1
configure:3883: riscv64-unknown-linux-gnu-gcc -qversion >&5
riscv64-unknown-linux-gnu-gcc: error: unrecognized command-line option '-qversion'; did you mean '--version'?
riscv64-unknown-linux-gnu-gcc: fatal error: no input files
compilation terminated.
configure:3894: $? = 1
configure:3883: riscv64-unknown-linux-gnu-gcc -version >&5
riscv64-unknown-linux-gnu-gcc: error: unrecognized command-line option '-version'
riscv64-unknown-linux-gnu-gcc: fatal error: no input files
compilation terminated.
configure:3894: $? = 1
configure:3914: checking whether the C compiler works
configure:3936: riscv64-unknown-linux-gnu-gcc    conftest.c  >&5
configure:3940: $? = 0
configure:3990: result: yes
configure:3993: checking for C compiler default output file name
configure:3995: result: a.out
configure:4001: checking for suffix of executables
configure:4008: riscv64-unknown-linux-gnu-gcc -o conftest    conftest.c  >&5
configure:4012: $? = 0
configure:4035: result: 
configure:4057: checking whether we are cross compiling
configure:4065: riscv64-unknown-linux-gnu-gcc -o conftest    conftest.c  >&5
configure:4069: $? = 0
configure:4076: ./conftest
configure:4080: $? = 0
configure:4095: result: no
configure:4100: checking for suffix of object files
configure:4123: riscv64-unknown-linux-gnu-gcc -c   conftest.c >&5
configure:4127: $? = 0
configure:4149: result: o
configure:4153: checking whether the compiler supports GNU C
configure:4173: riscv64-unknown-linux-gnu-gcc -c   conftest.c >&5
configure:4173: $? = 0
configure:4183: result: yes
configure:4194: checking whether riscv64-unknown-linux-gnu-gcc accepts -g
configure:4215: riscv64-unknown-linux-gnu-gcc -c -g  conftest.c >&5
configure:4215: $? = 0
configure:4259: result: yes
configure:4279: checking for riscv64-unknown-linux-gnu-gcc option to enable C11 features
configure:4294: riscv64-unknown-linux-gnu-gcc  -c -g -O2  conftest.c >&5
configure:4294: $? = 0
configure:4312: result: none needed
configure:4582: checking for APR
configure:4662: result: yes
configure:4929: checking for stdio.h
configure:4929: riscv64-unknown-linux-gnu-gcc -c -g -O2  -DLINUX -D_REENTRANT -D_GNU_SOURCE conftest.c >&5
configure:4929: $? = 0
configure:4929: result: yes
configure:4929: checking for stdlib.h
configure:4929: riscv64-unknown-linux-gnu-gcc -c -g -O2  -DLINUX -D_REENTRANT -D_GNU_SOURCE conftest.c >&5
configure:4929: $? = 0
configure:4929: result: yes
configure:4929: checking for string.h
configure:4929: riscv64-unknown-linux-gnu-gcc -c -g -O2  -DLINUX -D_REENTRANT -D_GNU_SOURCE conftest.c >&5
configure:4929: $? = 0
configure:4929: result: yes
configure:4929: checking for inttypes.h
configure:4929: riscv64-unknown-linux-gnu-gcc -c -g -O2  -DLINUX -D_REENTRANT -D_GNU_SOURCE conftest.c >&5
configure:4929: $? = 0
configure:4929: result: yes
configure:4929: checking for stdint.h
configure:4929: riscv64-unknown-linux-gnu-gcc -c -g -O2  -DLINUX -D_REENTRANT -D_GNU_SOURCE conftest.c >&5
configure:4929: $? = 0
configure:4929: result: yes
configure:4929: checking for strings.h
configure:4929: riscv64-unknown-linux-gnu-gcc -c -g -O2  -DLINUX -D_REENTRANT -D_GNU_SOURCE conftest.c >&5
configure:4929: $? = 0
configure:4929: result: yes
configure:4929: checking for sys/stat.h
configure:4929: riscv64-unknown-linux-gnu-gcc -c -g -O2  -DLINUX -D_REENTRANT -D_GNU_SOURCE conftest.c >&5
configure:4929: $? = 0
configure:4929: result: yes
configure:4929: checking for sys/types.h
configure:4929: riscv64-unknown-linux-gnu-gcc -c -g -O2  -DLINUX -D_REENTRANT -D_GNU_SOURCE conftest.c >&5
configure:4929: $? = 0
configure:4929: result: yes
configure:4929: checking for unistd.h
configure:4929: riscv64-unknown-linux-gnu-gcc -c -g -O2  -DLINUX -D_REENTRANT -D_GNU_SOURCE conftest.c >&5
configure:4929: $? = 0
configure:4929: result: yes
configure:4954: checking for riscv64-unknown-linux-gnu-gcc options needed to detect all undeclared functions
configure:4976: riscv64-unknown-linux-gnu-gcc -c -g -O2   -DLINUX -D_REENTRANT -D_GNU_SOURCE conftest.c >&5
conftest.c: In function 'main':
conftest.c:23:8: error: 'strchr' undeclared (first use in this function)
   23 | (void) strchr;
      |        ^~~~~~
conftest.c:1:1: note: 'strchr' is defined in header '<string.h>'; did you forget to '#include <string.h>'?
    1 | /* confdefs.h */
conftest.c:23:8: note: each undeclared identifier is reported only once for each function it appears in
   23 | (void) strchr;
      |        ^~~~~~
configure:4976: $? = 1
configure: failed program was:
| /* confdefs.h */
| #define PACKAGE_NAME ""
| #define PACKAGE_TARNAME ""
| #define PACKAGE_VERSION ""
| #define PACKAGE_STRING ""
| #define PACKAGE_BUGREPORT ""
| #define PACKAGE_URL ""
| #define HAVE_STDIO_H 1
| #define HAVE_STDLIB_H 1
| #define HAVE_STRING_H 1
| #define HAVE_INTTYPES_H 1
| #define HAVE_STDINT_H 1
| #define HAVE_STRINGS_H 1
| #define HAVE_SYS_STAT_H 1
| #define HAVE_SYS_TYPES_H 1
| #define HAVE_UNISTD_H 1
| #define STDC_HEADERS 1
| /* end confdefs.h.  */
| 
| int
| main (void)
| {
| (void) strchr;
|   ;
|   return 0;
| }
configure:5003: riscv64-unknown-linux-gnu-gcc -c -g -O2   -DLINUX -D_REENTRANT -D_GNU_SOURCE conftest.c >&5
configure:5003: $? = 0
configure:5020: result: none needed
configure:6323: checking how to run the C preprocessor
configure:6391: result: riscv64-unknown-linux-gnu-gcc -E
configure:6405: riscv64-unknown-linux-gnu-gcc -E  -DLINUX -D_REENTRANT -D_GNU_SOURCE conftest.c
configure:6405: $? = 0
configure:6420: riscv64-unknown-linux-gnu-gcc -E  -DLINUX -D_REENTRANT -D_GNU_SOURCE conftest.c
conftest.c:19:10: fatal error: ac_nonexistent.h: No such file or directory
   19 | #include <ac_nonexistent.h>
      |          ^~~~~~~~~~~~~~~~~~
compilation terminated.
configure:6420: $? = 1
configure: failed program was:
| /* confdefs.h */
| #define PACKAGE_NAME ""
| #define PACKAGE_TARNAME ""
| #define PACKAGE_VERSION ""
| #define PACKAGE_STRING ""
| #define PACKAGE_BUGREPORT ""
| #define PACKAGE_URL ""
| #define HAVE_STDIO_H 1
| #define HAVE_STDLIB_H 1
| #define HAVE_STRING_H 1
| #define HAVE_INTTYPES_H 1
| #define HAVE_STDINT_H 1
| #define HAVE_STRINGS_H 1
| #define HAVE_SYS_STAT_H 1
| #define HAVE_SYS_TYPES_H 1
| #define HAVE_UNISTD_H 1
| #define STDC_HEADERS 1
| /* end confdefs.h.  */
| #include <ac_nonexistent.h>
configure:6451: checking for grep that handles long lines and -e
configure:6515: result: /usr/bin/grep
configure:6520: checking for egrep
configure:6588: result: /usr/bin/grep -E
configure:19421: checking for default DBM
configure:19423: result: sdbm (default)
configure:20276: checking for pg_config
configure:20314: result: no
configure:20369: checking for libpq-fe.h
configure:20369: riscv64-unknown-linux-gnu-gcc -c -g -O2  -DLINUX -D_REENTRANT -D_GNU_SOURCE conftest.c >&5
conftest.c:47:10: fatal error: libpq-fe.h: No such file or directory
   47 | #include <libpq-fe.h>
      |          ^~~~~~~~~~~~
compilation terminated.
configure:20369: $? = 1
configure: failed program was:
| /* confdefs.h */
| #define PACKAGE_NAME ""
| #define PACKAGE_TARNAME ""
| #define PACKAGE_VERSION ""
| #define PACKAGE_STRING ""
| #define PACKAGE_BUGREPORT ""
| #define PACKAGE_URL ""
| #define HAVE_STDIO_H 1
| #define HAVE_STDLIB_H 1
| #define HAVE_STRING_H 1
| #define HAVE_INTTYPES_H 1
| #define HAVE_STDINT_H 1
| #define HAVE_STRINGS_H 1
| #define HAVE_SYS_STAT_H 1
| #define HAVE_SYS_TYPES_H 1
| #define HAVE_UNISTD_H 1
| #define STDC_HEADERS 1
| /* end confdefs.h.  */
| #include <stddef.h>
| #ifdef HAVE_STDIO_H
| # include <stdio.h>
| #endif
| #ifdef HAVE_STDLIB_H
| # include <stdlib.h>
| #endif
| #ifdef HAVE_STRING_H
| # include <string.h>
| #endif
| #ifdef HAVE_INTTYPES_H
| # include <inttypes.h>
| #endif
| #ifdef HAVE_STDINT_H
| # include <stdint.h>
| #endif
| #ifdef HAVE_STRINGS_H
| # include <strings.h>
| #endif
| #ifdef HAVE_SYS_TYPES_H
| # include <sys/types.h>
| #endif
| #ifdef HAVE_SYS_STAT_H
| # include <sys/stat.h>
| #endif
| #ifdef HAVE_UNISTD_H
| # include <unistd.h>
| #endif
| #include <libpq-fe.h>
configure:20369: result: no
configure:20489: checking for postgresql/libpq-fe.h
configure:20489: riscv64-unknown-linux-gnu-gcc -c -g -O2  -DLINUX -D_REENTRANT -D_GNU_SOURCE conftest.c >&5
conftest.c:47:10: fatal error: postgresql/libpq-fe.h: No such file or directory
   47 | #include <postgresql/libpq-fe.h>
      |          ^~~~~~~~~~~~~~~~~~~~~~~
compilation terminated.
configure:20489: $? = 1
configure: failed program was:
| /* confdefs.h */
| #define PACKAGE_NAME ""
| #define PACKAGE_TARNAME ""
| #define PACKAGE_VERSION ""
| #define PACKAGE_STRING ""
| #define PACKAGE_BUGREPORT ""
| #define PACKAGE_URL ""
| #define HAVE_STDIO_H 1
| #define HAVE_STDLIB_H 1
| #define HAVE_STRING_H 1
| #define HAVE_INTTYPES_H 1
| #define HAVE_STDINT_H 1
| #define HAVE_STRINGS_H 1
| #define HAVE_SYS_STAT_H 1
| #define HAVE_SYS_TYPES_H 1
| #define HAVE_UNISTD_H 1
| #define STDC_HEADERS 1
| /* end confdefs.h.  */
| #include <stddef.h>
| #ifdef HAVE_STDIO_H
| # include <stdio.h>
| #endif
| #ifdef HAVE_STDLIB_H
| # include <stdlib.h>
| #endif
| #ifdef HAVE_STRING_H
| # include <string.h>
| #endif
| #ifdef HAVE_INTTYPES_H
| # include <inttypes.h>
| #endif
| #ifdef HAVE_STDINT_H
| # include <stdint.h>
| #endif
| #ifdef HAVE_STRINGS_H
| # include <strings.h>
| #endif
| #ifdef HAVE_SYS_TYPES_H
| # include <sys/types.h>
| #endif
| #ifdef HAVE_SYS_STAT_H
| # include <sys/stat.h>
| #endif
| #ifdef HAVE_UNISTD_H
| # include <unistd.h>
| #endif
| #include <postgresql/libpq-fe.h>
configure:20489: result: no
configure:21485: checking for sqlite3.h
configure:21485: riscv64-unknown-linux-gnu-gcc -c -g -O2  -DLINUX -D_REENTRANT -D_GNU_SOURCE conftest.c >&5
conftest.c:47:10: fatal error: sqlite3.h: No such file or directory
   47 | #include <sqlite3.h>
      |          ^~~~~~~~~~~
compilation terminated.
configure:21485: $? = 1
configure: failed program was:
| /* confdefs.h */
| #define PACKAGE_NAME ""
| #define PACKAGE_TARNAME ""
| #define PACKAGE_VERSION ""
| #define PACKAGE_STRING ""
| #define PACKAGE_BUGREPORT ""
| #define PACKAGE_URL ""
| #define HAVE_STDIO_H 1
| #define HAVE_STDLIB_H 1
| #define HAVE_STRING_H 1
| #define HAVE_INTTYPES_H 1
| #define HAVE_STDINT_H 1
| #define HAVE_STRINGS_H 1
| #define HAVE_SYS_STAT_H 1
| #define HAVE_SYS_TYPES_H 1
| #define HAVE_UNISTD_H 1
| #define STDC_HEADERS 1
| /* end confdefs.h.  */
| #include <stddef.h>
| #ifdef HAVE_STDIO_H
| # include <stdio.h>
| #endif
| #ifdef HAVE_STDLIB_H
| # include <stdlib.h>
| #endif
| #ifdef HAVE_STRING_H
| # include <string.h>
| #endif
| #ifdef HAVE_INTTYPES_H
| # include <inttypes.h>
| #endif
| #ifdef HAVE_STDINT_H
| # include <stdint.h>
| #endif
| #ifdef HAVE_STRINGS_H
| # include <strings.h>
| #endif
| #ifdef HAVE_SYS_TYPES_H
| # include <sys/types.h>
| #endif
| #ifdef HAVE_SYS_STAT_H
| # include <sys/stat.h>
| #endif
| #ifdef HAVE_UNISTD_H
| # include <unistd.h>
| #endif
| #include <sqlite3.h>
configure:21485: result: no
configure:21758: checking for sqlite.h
configure:21758: riscv64-unknown-linux-gnu-gcc -c -g -O2  -DLINUX -D_REENTRANT -D_GNU_SOURCE conftest.c >&5
conftest.c:47:10: fatal error: sqlite.h: No such file or directory
   47 | #include <sqlite.h>
      |          ^~~~~~~~~~
compilation terminated.
configure:21758: $? = 1
configure: failed program was:
| /* confdefs.h */
| #define PACKAGE_NAME ""
| #define PACKAGE_TARNAME ""
| #define PACKAGE_VERSION ""
| #define PACKAGE_STRING ""
| #define PACKAGE_BUGREPORT ""
| #define PACKAGE_URL ""
| #define HAVE_STDIO_H 1
| #define HAVE_STDLIB_H 1
| #define HAVE_STRING_H 1
| #define HAVE_INTTYPES_H 1
| #define HAVE_STDINT_H 1
| #define HAVE_STRINGS_H 1
| #define HAVE_SYS_STAT_H 1
| #define HAVE_SYS_TYPES_H 1
| #define HAVE_UNISTD_H 1
| #define STDC_HEADERS 1
| /* end confdefs.h.  */
| #include <stddef.h>
| #ifdef HAVE_STDIO_H
| # include <stdio.h>
| #endif
| #ifdef HAVE_STDLIB_H
| # include <stdlib.h>
| #endif
| #ifdef HAVE_STRING_H
| # include <string.h>
| #endif
| #ifdef HAVE_INTTYPES_H
| # include <inttypes.h>
| #endif
| #ifdef HAVE_STDINT_H
| # include <stdint.h>
| #endif
| #ifdef HAVE_STRINGS_H
| # include <strings.h>
| #endif
| #ifdef HAVE_SYS_TYPES_H
| # include <sys/types.h>
| #endif
| #ifdef HAVE_SYS_STAT_H
| # include <sys/stat.h>
| #endif
| #ifdef HAVE_UNISTD_H
| # include <unistd.h>
| #endif
| #include <sqlite.h>
configure:21758: result: no
configure:22977: checking for odbc_config
configure:23015: result: no
configure:23092: checking for sql.h
configure:23092: riscv64-unknown-linux-gnu-gcc -c -g -O2  -DLINUX -D_REENTRANT -D_GNU_SOURCE conftest.c >&5
conftest.c:47:10: fatal error: sql.h: No such file or directory
   47 | #include <sql.h>
      |          ^~~~~~~
compilation terminated.
configure:23092: $? = 1
configure: failed program was:
| /* confdefs.h */
| #define PACKAGE_NAME ""
| #define PACKAGE_TARNAME ""
| #define PACKAGE_VERSION ""
| #define PACKAGE_STRING ""
| #define PACKAGE_BUGREPORT ""
| #define PACKAGE_URL ""
| #define HAVE_STDIO_H 1
| #define HAVE_STDLIB_H 1
| #define HAVE_STRING_H 1
| #define HAVE_INTTYPES_H 1
| #define HAVE_STDINT_H 1
| #define HAVE_STRINGS_H 1
| #define HAVE_SYS_STAT_H 1
| #define HAVE_SYS_TYPES_H 1
| #define HAVE_UNISTD_H 1
| #define STDC_HEADERS 1
| /* end confdefs.h.  */
| #include <stddef.h>
| #ifdef HAVE_STDIO_H
| # include <stdio.h>
| #endif
| #ifdef HAVE_STDLIB_H
| # include <stdlib.h>
| #endif
| #ifdef HAVE_STRING_H
| # include <string.h>
| #endif
| #ifdef HAVE_INTTYPES_H
| # include <inttypes.h>
| #endif
| #ifdef HAVE_STDINT_H
| # include <stdint.h>
| #endif
| #ifdef HAVE_STRINGS_H
| # include <strings.h>
| #endif
| #ifdef HAVE_SYS_TYPES_H
| # include <sys/types.h>
| #endif
| #ifdef HAVE_SYS_STAT_H
| # include <sys/stat.h>
| #endif
| #ifdef HAVE_UNISTD_H
| # include <unistd.h>
| #endif
| #include <sql.h>
configure:23092: result: no
configure:23142: checking for odbc/sql.h
configure:23142: riscv64-unknown-linux-gnu-gcc -c -g -O2  -DLINUX -D_REENTRANT -D_GNU_SOURCE conftest.c >&5
conftest.c:47:10: fatal error: odbc/sql.h: No such file or directory
   47 | #include <odbc/sql.h>
      |          ^~~~~~~~~~~~
compilation terminated.
configure:23142: $? = 1
configure: failed program was:
| /* confdefs.h */
| #define PACKAGE_NAME ""
| #define PACKAGE_TARNAME ""
| #define PACKAGE_VERSION ""
| #define PACKAGE_STRING ""
| #define PACKAGE_BUGREPORT ""
| #define PACKAGE_URL ""
| #define HAVE_STDIO_H 1
| #define HAVE_STDLIB_H 1
| #define HAVE_STRING_H 1
| #define HAVE_INTTYPES_H 1
| #define HAVE_STDINT_H 1
| #define HAVE_STRINGS_H 1
| #define HAVE_SYS_STAT_H 1
| #define HAVE_SYS_TYPES_H 1
| #define HAVE_UNISTD_H 1
| #define STDC_HEADERS 1
| /* end confdefs.h.  */
| #include <stddef.h>
| #ifdef HAVE_STDIO_H
| # include <stdio.h>
| #endif
| #ifdef HAVE_STDLIB_H
| # include <stdlib.h>
| #endif
| #ifdef HAVE_STRING_H
| # include <string.h>
| #endif
| #ifdef HAVE_INTTYPES_H
| # include <inttypes.h>
| #endif
| #ifdef HAVE_STDINT_H
| # include <stdint.h>
| #endif
| #ifdef HAVE_STRINGS_H
| # include <strings.h>
| #endif
| #ifdef HAVE_SYS_TYPES_H
| # include <sys/types.h>
| #endif
| #ifdef HAVE_SYS_STAT_H
| # include <sys/stat.h>
| #endif
| #ifdef HAVE_UNISTD_H
| # include <unistd.h>
| #endif
| #include <odbc/sql.h>
configure:23142: result: no
configure:23370: checking Expat 1.95.x
configure:23391: riscv64-unknown-linux-gnu-gcc -o conftest -g -O2  -DLINUX -D_REENTRANT -D_GNU_SOURCE -I/home/wanghan/Workspace/DASICS_ICT/DASICS-DEMO/httpd-apache/apache/expat/include -L/home/wanghan/Workspace/DASICS_ICT/DASICS-DEMO/httpd-apache/apache/expat/lib conftest.c  -lexpat >&5
configure:23391: $? = 0
configure:23402: result: yes
configure:23909: checking for iconv.h
configure:23909: riscv64-unknown-linux-gnu-gcc -c -g -O2  -DLINUX -D_REENTRANT -D_GNU_SOURCE conftest.c >&5
configure:23909: $? = 0
configure:23909: result: yes
configure:23931: riscv64-unknown-linux-gnu-gcc -o conftest -g -O2  -DLINUX -D_REENTRANT -D_GNU_SOURCE  conftest.c  >&5
configure:23931: $? = 0
configure:24155: checking for type of inbuf parameter to iconv
configure:24181: riscv64-unknown-linux-gnu-gcc -c -g -O2  -Werror  -DLINUX -D_REENTRANT -D_GNU_SOURCE conftest.c >&5
configure:24181: $? = 0
configure:24200: result: char **
configure:24206: checking for iconv.h
configure:24206: result: yes
configure:24212: checking for langinfo.h
configure:24212: riscv64-unknown-linux-gnu-gcc -c -g -O2  -DLINUX -D_REENTRANT -D_GNU_SOURCE conftest.c >&5
configure:24212: $? = 0
configure:24212: result: yes
configure:24231: checking for nl_langinfo
configure:24231: riscv64-unknown-linux-gnu-gcc -o conftest -g -O2  -DLINUX -D_REENTRANT -D_GNU_SOURCE  conftest.c  >&5
configure:24231: $? = 0
configure:24231: result: yes
configure:24249: checking for CODESET in langinfo.h
configure:24276: result: yes
configure:24301: checking whether APR has DSO support
configure:24328: result: yes
configure:24411: checking for library containing crypt
configure:24441: riscv64-unknown-linux-gnu-gcc -o conftest -g -O2  -DLINUX -D_REENTRANT -D_GNU_SOURCE  conftest.c  >&5
/home/wanghan/riscv/riscv64-unknown-linux-gnu/lib/gcc/riscv64-unknown-linux-gnu/13.2.0/../../../../riscv64-unknown-linux-gnu/bin/ld: /tmp/ccTLd8cs.o: in function `main':
/home/wanghan/Workspace/DASICS_ICT/DASICS-DEMO/httpd-apache/httpd-2.4.59/srclib/apr-util/conftest.c:33:(.text.startup+0x4): undefined reference to `crypt'
collect2: error: ld returned 1 exit status
configure:24441: $? = 1
configure: failed program was:
| /* confdefs.h */
| #define PACKAGE_NAME ""
| #define PACKAGE_TARNAME ""
| #define PACKAGE_VERSION ""
| #define PACKAGE_STRING ""
| #define PACKAGE_BUGREPORT ""
| #define PACKAGE_URL ""
| #define HAVE_STDIO_H 1
| #define HAVE_STDLIB_H 1
| #define HAVE_STRING_H 1
| #define HAVE_INTTYPES_H 1
| #define HAVE_STDINT_H 1
| #define HAVE_STRINGS_H 1
| #define HAVE_SYS_STAT_H 1
| #define HAVE_SYS_TYPES_H 1
| #define HAVE_UNISTD_H 1
| #define STDC_HEADERS 1
| #define HAVE_EXPAT_H 1
| #define HAVE_ICONV_H 1
| #define HAVE_LANGINFO_H 1
| #define HAVE_NL_LANGINFO 1
| #define HAVE_CODESET 1
| #define APU_DSO_BUILD 1
| /* end confdefs.h.  */
| 
| /* Override any GCC internal prototype to avoid an error.
|    Use char because int might match the return type of a GCC
|    builtin and then its argument prototype would still apply.  */
| char crypt ();
| int
| main (void)
| {
| return crypt ();
|   ;
|   return 0;
| }
configure:24441: riscv64-unknown-linux-gnu-gcc -o conftest -g -O2  -DLINUX -D_REENTRANT -D_GNU_SOURCE  conftest.c -lcrypt   >&5
configure:24441: $? = 0
configure:24461: result: -lcrypt
configure:24497: checking if system crypt() function is threadsafe
configure:24507: result: no
configure:24513: checking for crypt_r
configure:24513: riscv64-unknown-linux-gnu-gcc -o conftest -g -O2  -DLINUX -D_REENTRANT -D_GNU_SOURCE  conftest.c -lcrypt  >&5
configure:24513: $? = 0
configure:24513: result: yes
configure:24526: checking style of crypt_r
configure:24544: riscv64-unknown-linux-gnu-gcc -c -g -O2  -DLINUX -D_REENTRANT -D_GNU_SOURCE conftest.c >&5
conftest.c: In function 'main':
conftest.c:30:1: error: unknown type name 'CRYPTD'
   30 | CRYPTD buffer;
      | ^~~~~~
conftest.c:31:29: warning: passing argument 3 of 'crypt_r' from incompatible pointer type [-Wincompatible-pointer-types]
   31 |   crypt_r("passwd", "hash", &buffer);
      |                             ^~~~~~~
      |                             |
      |                             int *
In file included from conftest.c:26:
/home/wanghan/riscv/riscv64-unknown-linux-gnu/sysroot/usr/include/crypt.h:64:54: note: expected 'struct crypt_data * restrict' but argument is of type 'int *'
   64 |                       struct crypt_data * __restrict __data)
      |                       ~~~~~~~~~~~~~~~~~~~~~~~~~~~~~~~^~~~~~
configure:24544: $? = 1
configure: failed program was:
| /* confdefs.h */
| #define PACKAGE_NAME ""
| #define PACKAGE_TARNAME ""
| #define PACKAGE_VERSION ""
| #define PACKAGE_STRING ""
| #define PACKAGE_BUGREPORT ""
| #define PACKAGE_URL ""
| #define HAVE_STDIO_H 1
| #define HAVE_STDLIB_H 1
| #define HAVE_STRING_H 1
| #define HAVE_INTTYPES_H 1
| #define HAVE_STDINT_H 1
| #define HAVE_STRINGS_H 1
| #define HAVE_SYS_STAT_H 1
| #define HAVE_SYS_TYPES_H 1
| #define HAVE_UNISTD_H 1
| #define STDC_HEADERS 1
| #define HAVE_EXPAT_H 1
| #define HAVE_ICONV_H 1
| #define HAVE_LANGINFO_H 1
| #define HAVE_NL_LANGINFO 1
| #define HAVE_CODESET 1
| #define APU_DSO_BUILD 1
| #define HAVE_CRYPT_R 1
| /* end confdefs.h.  */
| #include <crypt.h>
| int
| main (void)
| {
| CRYPTD buffer;
|   crypt_r("passwd", "hash", &buffer);
|   ;
|   return 0;
| }
configure:24560: riscv64-unknown-linux-gnu-gcc -c -g -O2  -DLINUX -D_REENTRANT -D_GNU_SOURCE conftest.c >&5
configure:24560: $? = 0
configure:24570: result: struct_crypt_data
configure:24585: checking whether the compiler handles weak symbols
configure:24608: riscv64-unknown-linux-gnu-gcc -o conftest -g -O2  -DLINUX -D_REENTRANT -D_GNU_SOURCE  conftest.c -lcrypt  >&5
configure:24608: $? = 0
configure:24608: ./conftest
configure:24608: $? = 0
configure:24619: result: yes
configure:24628: checking for memset_s support
configure:24652: riscv64-unknown-linux-gnu-gcc -o conftest -g -O2  -DLINUX -D_REENTRANT -D_GNU_SOURCE  conftest.c -lcrypt  >&5
conftest.c: In function 'main':
conftest.c:37:12: warning: implicit declaration of function 'memset_s'; did you mean 'memset'? [-Wimplicit-function-declaration]
   37 |     return memset_s(buf, sizeof buf, 0, sizeof buf) != 0 || *buf != '\0';
      |            ^~~~~~~~
      |            memset
/home/wanghan/riscv/riscv64-unknown-linux-gnu/lib/gcc/riscv64-unknown-linux-gnu/13.2.0/../../../../riscv64-unknown-linux-gnu/bin/ld: /tmp/ccSne1eR.o: in function `main':
/home/wanghan/Workspace/DASICS_ICT/DASICS-DEMO/httpd-apache/httpd-2.4.59/srclib/apr-util/conftest.c:37:(.text.startup+0x12): undefined reference to `memset_s'
collect2: error: ld returned 1 exit status
configure:24652: $? = 1
configure: program exited with status 1
configure: failed program was:
| /* confdefs.h */
| #define PACKAGE_NAME ""
| #define PACKAGE_TARNAME ""
| #define PACKAGE_VERSION ""
| #define PACKAGE_STRING ""
| #define PACKAGE_BUGREPORT ""
| #define PACKAGE_URL ""
| #define HAVE_STDIO_H 1
| #define HAVE_STDLIB_H 1
| #define HAVE_STRING_H 1
| #define HAVE_INTTYPES_H 1
| #define HAVE_STDINT_H 1
| #define HAVE_STRINGS_H 1
| #define HAVE_SYS_STAT_H 1
| #define HAVE_SYS_TYPES_H 1
| #define HAVE_UNISTD_H 1
| #define STDC_HEADERS 1
| #define HAVE_EXPAT_H 1
| #define HAVE_ICONV_H 1
| #define HAVE_LANGINFO_H 1
| #define HAVE_NL_LANGINFO 1
| #define HAVE_CODESET 1
| #define APU_DSO_BUILD 1
| #define HAVE_CRYPT_R 1
| #define CRYPT_R_STRUCT_CRYPT_DATA 1
| #define HAVE_WEAK_SYMBOLS 1
| /* end confdefs.h.  */
| 
| #ifdef HAVE_STRING_H
| #define __STDC_WANT_LIB_EXT1__ 1
| #include <string.h>
| #endif
| 
| int main(int argc, const char **argv)
| {
|     char buf[1] = {1};
|     return memset_s(buf, sizeof buf, 0, sizeof buf) != 0 || *buf != '\0';
| }
configure:24663: result: no
configure:24672: checking for explicit_bzero support
configure:24699: riscv64-unknown-linux-gnu-gcc -o conftest -g -O2  -DLINUX -D_REENTRANT -D_GNU_SOURCE  conftest.c -lcrypt  >&5
configure:24699: $? = 0
configure:24699: ./conftest
configure:24699: $? = 0
configure:24710: result: yes
configure:24937: creating ./config.status

## ---------------------- ##
## Running config.status. ##
## ---------------------- ##

This file was extended by config.status, which was
generated by GNU Autoconf 2.71.  Invocation command line was

  CONFIG_FILES    = 
  CONFIG_HEADERS  = 
  CONFIG_LINKS    = 
  CONFIG_COMMANDS = 
  $ ./config.status 

on wanghan-Workstation

config.status:928: creating Makefile
config.status:928: creating export_vars.sh
config.status:928: creating build/pkg/pkginfo
config.status:928: creating apr-util.pc
config.status:928: creating apu-1-config
config.status:928: creating include/private/apu_select_dbm.h
config.status:928: creating include/apr_ldap.h
config.status:928: creating include/apu.h
config.status:928: creating include/apu_want.h
config.status:928: creating test/Makefile
config.status:928: creating include/private/apu_config.h
config.status:1117: executing default commands

## ---------------- ##
## Cache variables. ##
## ---------------- ##

ac_cv_build=x86_64-pc-linux-gnu
ac_cv_c_compiler_gnu=yes
ac_cv_c_undeclared_builtin_options='none needed'
ac_cv_define_CODESET=yes
ac_cv_env_CC_set=set
ac_cv_env_CC_value=riscv64-unknown-linux-gnu-gcc
ac_cv_env_CFLAGS_set=
ac_cv_env_CFLAGS_value=
ac_cv_env_CPPFLAGS_set=
ac_cv_env_CPPFLAGS_value=
ac_cv_env_CPP_set=
ac_cv_env_CPP_value=
ac_cv_env_LDFLAGS_set=
ac_cv_env_LDFLAGS_value=
ac_cv_env_LIBS_set=
ac_cv_env_LIBS_value=
ac_cv_env_build_alias_set=
ac_cv_env_build_alias_value=
ac_cv_env_host_alias_set=set
ac_cv_env_host_alias_value=riscv64-unknown-linux-gnu
ac_cv_env_target_alias_set=
ac_cv_env_target_alias_value=
ac_cv_func_crypt_r=yes
ac_cv_func_nl_langinfo=yes
ac_cv_header_iconv_h=yes
ac_cv_header_inttypes_h=yes
ac_cv_header_langinfo_h=yes
ac_cv_header_libpq_fe_h=no
ac_cv_header_odbc_sql_h=no
ac_cv_header_postgresql_libpq_fe_h=no
ac_cv_header_sql_h=no
ac_cv_header_sqlite3_h=no
ac_cv_header_sqlite_h=no
ac_cv_header_stdint_h=yes
ac_cv_header_stdio_h=yes
ac_cv_header_stdlib_h=yes
ac_cv_header_string_h=yes
ac_cv_header_strings_h=yes
ac_cv_header_sys_stat_h=yes
ac_cv_header_sys_types_h=yes
ac_cv_header_unistd_h=yes
ac_cv_host=riscv64-unknown-linux-gnu
ac_cv_mkdir_p=yes
ac_cv_objext=o
ac_cv_path_EGREP='/usr/bin/grep -E'
ac_cv_path_GREP=/usr/bin/grep
ac_cv_path_install='/usr/bin/install -c'
ac_cv_prog_CC=riscv64-unknown-linux-gnu-gcc
ac_cv_prog_CPP='riscv64-unknown-linux-gnu-gcc -E'
ac_cv_prog_cc_c11=
ac_cv_prog_cc_g=yes
ac_cv_prog_cc_stdc=
ac_cv_search_crypt=-lcrypt
ac_cv_target=riscv64-unknown-linux-gnu
apr_cv_crypt_r_style=struct_crypt_data
apu_cv_aprdso=yes
apu_cv_expat_system=yes
apu_cv_explicit_bzero=yes
apu_cv_memset_s=no
apu_cv_weak_symbols=yes

## ----------------- ##
## Output variables. ##
## ----------------- ##

APRUTIL_DOTTED_VERSION='1.6.3'
APRUTIL_EXPORT_LIBS='-lexpat'
APRUTIL_INCLUDES='-I/home/wanghan/Workspace/DASICS_ICT/DASICS-DEMO/httpd-apache/apache/expat/include'
APRUTIL_LDFLAGS='-L/home/wanghan/Workspace/DASICS_ICT/DASICS-DEMO/httpd-apache/apache/expat/lib'
APRUTIL_LIBNAME='aprutil-${APRUTIL_MAJOR_VERSION}'
APRUTIL_LIBS='-lexpat -lcrypt /home/wanghan/Workspace/DASICS_ICT/DASICS-DEMO/httpd-apache/httpd-2.4.59/srclib/apr/libapr-1.la -lpthread'
APRUTIL_MAJOR_VERSION='1'
APRUTIL_PRIV_INCLUDES='-I/home/wanghan/Workspace/DASICS_ICT/DASICS-DEMO/httpd-apache/httpd-2.4.59/srclib/apr-util/include -I/home/wanghan/Workspace/DASICS_ICT/DASICS-DEMO/httpd-apache/httpd-2.4.59/srclib/apr-util/include/private'
APR_BUILD_DIR='/home/wanghan/Workspace/DASICS_ICT/DASICS-DEMO/httpd-apache/httpd-2.4.59/srclib/apr/build'
APR_ICONV_DIR=''
APR_INCLUDES=' -I/home/wanghan/Workspace/DASICS_ICT/DASICS-DEMO/httpd-apache/httpd-2.4.59/srclib/apr/include '
APR_LIBS=' /home/wanghan/Workspace/DASICS_ICT/DASICS-DEMO/httpd-apache/httpd-2.4.59/srclib/apr/libapr-1.la -lcrypt  -lpthread'
APU_CONFIG_LOCATION='source'
APU_DSO_LIBDIR='${libdir}/apr-util-1'
APU_HAVE_MODULES='no'
APU_LTVERSION='-version-info 6:3:6'
APU_MODULES=''
CC='riscv64-unknown-linux-gnu-gcc'
CFLAGS='-g -O2'
CPP='riscv64-unknown-linux-gnu-gcc -E'
CPPFLAGS=' -DLINUX -D_REENTRANT -D_GNU_SOURCE'
DEFS='-DHAVE_CONFIG_H'
ECHO_C=''
ECHO_N='-n'
ECHO_T=''
EGREP='/usr/bin/grep -E'
EXEEXT=''
EXTRA_OBJECTS=''
GREP='/usr/bin/grep'
INCLUDE_OUTPUTS='include /home/wanghan/Workspace/DASICS_ICT/DASICS-DEMO/httpd-apache/httpd-2.4.59/srclib/apr-util/build-outputs.mk'
INCLUDE_RULES='include /home/wanghan/Workspace/DASICS_ICT/DASICS-DEMO/httpd-apache/httpd-2.4.59/srclib/apr-util/build/rules.mk'
INSTALL_DATA='${INSTALL} -m 644'
INSTALL_PROGRAM='${INSTALL}'
INSTALL_SCRIPT='${INSTALL}'
LDADD_crypto_commoncrypto=''
LDADD_crypto_nss=''
LDADD_crypto_openssl=''
LDADD_dbd_mysql=''
LDADD_dbd_odbc=''
LDADD_dbd_oracle=''
LDADD_dbd_pgsql=''
LDADD_dbd_sqlite2=''
LDADD_dbd_sqlite3=''
LDADD_dbm_db=''
LDADD_dbm_gdbm=''
LDADD_dbm_ndbm=''
LDADD_ldap=''
LDFLAGS=''
LIBOBJS=''
LIBS='-lcrypt '
LTLIBOBJS=''
LT_NO_INSTALL='-no-install'
MYSQL_CONFIG=''
OBJEXT='o'
ODBC_CONFIG=''
PACKAGE_BUGREPORT=''
PACKAGE_NAME=''
PACKAGE_STRING=''
PACKAGE_TARNAME=''
PACKAGE_URL=''
PACKAGE_VERSION=''
PATH_SEPARATOR=':'
PGSQL_CONFIG=''
PKG_CONFIG=''
SHELL='/bin/bash'
abs_builddir='/home/wanghan/Workspace/DASICS_ICT/DASICS-DEMO/httpd-apache/httpd-2.4.59/srclib/apr-util'
abs_srcdir='/home/wanghan/Workspace/DASICS_ICT/DASICS-DEMO/httpd-apache/httpd-2.4.59/srclib/apr-util'
ac_ct_CC=''
apr_shlibpath_var='LD_LIBRARY_PATH'
apu_db_header='db.h'
apu_db_version='0'
apu_dbd_tests=''
apu_has_ldap='0'
apu_has_ldap_microsoft='0'
apu_has_ldap_mozilla='0'
apu_has_ldap_netscape='0'
apu_has_ldap_novell='0'
apu_has_ldap_openldap='0'
apu_has_ldap_other='0'
apu_has_ldap_solaris='0'
apu_has_ldap_sslinit='0'
apu_has_ldap_start_tls_s='0'
apu_has_ldap_tivoli='0'
apu_has_ldap_zos='0'
apu_has_ldapssl_add_trusted_cert='0'
apu_has_ldapssl_client_deinit='0'
apu_has_ldapssl_client_init='0'
apu_has_ldapssl_init='0'
apu_has_ldapssl_install_routines='0'
apu_have_commoncrypto='0'
apu_have_crypto='0'
apu_have_db='0'
apu_have_gdbm='0'
apu_have_mysql='0'
apu_have_ndbm='0'
apu_have_nss='0'
apu_have_odbc='0'
apu_have_openssl='0'
apu_have_oracle='0'
apu_have_pgsql='0'
apu_have_sdbm='1'
apu_have_sqlite2='0'
apu_have_sqlite3='0'
apu_use_db='0'
apu_use_gdbm='0'
apu_use_ndbm='0'
apu_use_sdbm='1'
bindir='${prefix}/bin'
build='x86_64-pc-linux-gnu'
build_alias=''
build_cpu='x86_64'
build_os='linux-gnu'
build_vendor='pc'
datadir='${prefix}'
datarootdir='${prefix}/share'
docdir='${datarootdir}/doc/${PACKAGE}'
dvidir='${docdir}'
exec_prefix='/apache'
have_apr_iconv='0'
have_iconv='1'
host='riscv64-unknown-linux-gnu'
host_alias='riscv64-unknown-linux-gnu'
host_cpu='riscv64'
host_os='linux-gnu'
host_vendor='unknown'
htmldir='${docdir}'
includedir='/apache/include'
infodir='${datarootdir}/info'
lber_h=''
ldap_h=''
ldap_ssl_h=''
lib_target='-rpath $(libdir) $(OBJECTS)'
libdir='${prefix}/lib'
libexecdir='${exec_prefix}/modules'
localedir='${datarootdir}/locale'
localstatedir='${prefix}'
mandir='${prefix}/man'
oldincludedir='/usr/include'
pdfdir='${docdir}'
prefix='/apache'
program_transform_name='s,x,x,'
psdir='${docdir}'
runstatedir='${localstatedir}/run'
sbindir='${exec_prefix}/bin'
sharedstatedir='${prefix}/com'
so_ext='lo'
sysconfdir='${prefix}/conf'
target='riscv64-unknown-linux-gnu'
target_alias=''
target_cpu='riscv64'
target_os='linux-gnu'
target_vendor='unknown'
top_builddir='/home/wanghan/Workspace/DASICS_ICT/DASICS-DEMO/httpd-apache/httpd-2.4.59/srclib/apr-util'

## ----------- ##
## confdefs.h. ##
## ----------- ##

/* confdefs.h */
#define PACKAGE_NAME ""
#define PACKAGE_TARNAME ""
#define PACKAGE_VERSION ""
#define PACKAGE_STRING ""
#define PACKAGE_BUGREPORT ""
#define PACKAGE_URL ""
#define HAVE_STDIO_H 1
#define HAVE_STDLIB_H 1
#define HAVE_STRING_H 1
#define HAVE_INTTYPES_H 1
#define HAVE_STDINT_H 1
#define HAVE_STRINGS_H 1
#define HAVE_SYS_STAT_H 1
#define HAVE_SYS_TYPES_H 1
#define HAVE_UNISTD_H 1
#define STDC_HEADERS 1
#define HAVE_EXPAT_H 1
#define HAVE_ICONV_H 1
#define HAVE_LANGINFO_H 1
#define HAVE_NL_LANGINFO 1
#define HAVE_CODESET 1
#define APU_DSO_BUILD 1
#define HAVE_CRYPT_R 1
#define CRYPT_R_STRUCT_CRYPT_DATA 1
#define HAVE_WEAK_SYMBOLS 1
#define HAVE_EXPLICIT_BZERO 1
#define APU_DSO_LIBDIR "/apache/lib/apr-util-1"

configure: exit 0
